*** Using Compiler 'V6.16', folder: 'C:\Keil_v5\ARM\ARMCLANG\Bin'
Build target 'controller_firmware'
assembling startup_stm32h563xx.s...
compiling gpio.c...
compiling main.c...
compiling gpdma.c...
compiling icache.c...
compiling memorymap.c...
compiling tim.c...
compiling stm32h5xx_it.c...
compiling usart.c...
compiling stm32h5xx_hal_msp.c...
compiling stm32h5xx_hal_cortex.c...
compiling stm32h5xx_hal_rcc.c...
compiling stm32h5xx_hal_flash.c...
compiling stm32h5xx_hal_flash_ex.c...
compiling stm32h5xx_hal_gpio.c...
compiling stm32h5xx_hal_rcc_ex.c...
compiling stm32h5xx_hal_dma.c...
compiling stm32h5xx_hal_pwr.c...
compiling stm32h5xx_hal_pwr_ex.c...
compiling stm32h5xx_hal.c...
compiling stm32h5xx_hal_dma_ex.c...
compiling stm32h5xx_hal_exti.c...
compiling stm32h5xx_hal_icache.c...
compiling stm32h5xx_hal_tim_ex.c...
compiling stm32h5xx_hal_uart_ex.c...
compiling stm32h5xx_hal_uart.c...
compiling stm32h5xx_hal_tim.c...
compiling system_stm32h5xx.c...
compiling uart_comm.c...
linking...
Program Size: Code=24968 RO-data=684 RW-data=12 ZI-data=17140  
FromELF: creating hex file...
"controller_firmware\controller_firmware.axf" - 0 Error(s), 0 Warning(s).
Build Time Elapsed:  00:00:08
